C:\USERS\BENJAMIN\DOCUMENTS\CODE\~VC2012EX\DVA-PREALPHA1_2\DVA-PREALPHA1_2\RELEASE\MAIN.OBJ
C:\USERS\BENJAMIN\DOCUMENTS\CODE\~VC2012EX\DVA-PREALPHA1_2\DVA-PREALPHA1_2\RELEASE\VC110.PDB
C:\USERS\BENJAMIN\DOCUMENTS\GITHUB\DISTORTED-COSINE\DISTORTED-COSINE\DVA-PREALPHA\RELEASE\MAIN.OBJ
C:\USERS\BENJAMIN\DOCUMENTS\GITHUB\DISTORTED-COSINE\DISTORTED-COSINE\DVA-PREALPHA\RELEASE\DEBUGRECORDS.OBJ
C:\USERS\BENJAMIN\DOCUMENTS\GITHUB\DISTORTED-COSINE\DISTORTED-COSINE\DVA-PREALPHA\RELEASE\TEMPREGISTRY.OBJ
C:\USERS\BENJAMIN\DOCUMENTS\GITHUB\DISTORTED-COSINE\DISTORTED-COSINE\DVA-PREALPHA\RELEASE\GAME.OBJ
C:\USERS\BENJAMIN\DOCUMENTS\GITHUB\DISTORTED-COSINE\DISTORTED-COSINE\DVA-PREALPHA\RELEASE\IC_MATH.OBJ
C:\USERS\BENJAMIN\DOCUMENTS\GITHUB\DISTORTED-COSINE\DISTORTED-COSINE\DVA-PREALPHA\RELEASE\GAMEOBJECT.OBJ
C:\USERS\BENJAMIN\DOCUMENTS\GITHUB\DISTORTED-COSINE\DISTORTED-COSINE\DVA-PREALPHA\RELEASE\VC110.PDB
C:\USERS\BENJAMIN\DOCUMENTS\CODE\~VC2012EX\DVA-PREALPHA1_2\RELEASE\DVA-PREALPHA1_2.EXE
C:\USERS\BENJAMIN\DOCUMENTS\CODE\~VC2012EX\DVA-PREALPHA1_2\RELEASE\DVA-PREALPHA1_2.PDB
C:\USERS\BENJAMIN\DOCUMENTS\GITHUB\DISTORTED-COSINE\DISTORTED-COSINE\DVA-PREALPHA\RELEASE\DVA-PREALPHA1_2.EXE
C:\USERS\BENJAMIN\DOCUMENTS\GITHUB\DISTORTED-COSINE\DISTORTED-COSINE\DVA-PREALPHA\RELEASE\DVA-PREALPHA1_2.PDB
C:\Users\Benjamin\Documents\GitHub\distorted-cosine\distorted-cosine\dva-prealpha\Release\debugrecords.obj
C:\Users\Benjamin\Documents\GitHub\distorted-cosine\distorted-cosine\dva-prealpha\Release\game.obj
C:\Users\Benjamin\Documents\GitHub\distorted-cosine\distorted-cosine\dva-prealpha\Release\gameobject.obj
C:\Users\Benjamin\Documents\GitHub\distorted-cosine\distorted-cosine\dva-prealpha\Release\ic_math.obj
C:\Users\Benjamin\Documents\GitHub\distorted-cosine\distorted-cosine\dva-prealpha\Release\main.obj
C:\Users\Benjamin\Documents\GitHub\distorted-cosine\distorted-cosine\dva-prealpha\Release\tempRegistry.obj
C:\Users\Benjamin\Documents\GitHub\distorted-cosine\distorted-cosine\dva-prealpha\Release\cl.command.1.tlog
C:\Users\Benjamin\Documents\GitHub\distorted-cosine\distorted-cosine\dva-prealpha\Release\CL.read.1.tlog
C:\Users\Benjamin\Documents\GitHub\distorted-cosine\distorted-cosine\dva-prealpha\Release\CL.write.1.tlog
C:\Users\Benjamin\Documents\GitHub\distorted-cosine\distorted-cosine\dva-prealpha\Release\link-cvtres.read.1.tlog
C:\Users\Benjamin\Documents\GitHub\distorted-cosine\distorted-cosine\dva-prealpha\Release\link-cvtres.write.1.tlog
C:\Users\Benjamin\Documents\GitHub\distorted-cosine\distorted-cosine\dva-prealpha\Release\link-rc.read.1.tlog
C:\Users\Benjamin\Documents\GitHub\distorted-cosine\distorted-cosine\dva-prealpha\Release\link-rc.write.1.tlog
C:\Users\Benjamin\Documents\GitHub\distorted-cosine\distorted-cosine\dva-prealpha\Release\link.command.1.tlog
C:\Users\Benjamin\Documents\GitHub\distorted-cosine\distorted-cosine\dva-prealpha\Release\link.read.1.tlog
C:\Users\Benjamin\Documents\GitHub\distorted-cosine\distorted-cosine\dva-prealpha\Release\link.read.3.tlog
C:\Users\Benjamin\Documents\GitHub\distorted-cosine\distorted-cosine\dva-prealpha\Release\link.write.1.tlog
C:\Users\Benjamin\Documents\GitHub\distorted-cosine\distorted-cosine\dva-prealpha\Release\dva-prealpha1_2.pdb
C:\Users\Benjamin\Documents\GitHub\distorted-cosine\distorted-cosine\dva-prealpha\Release\vc110.pdb
C:\Users\Benjamin\Documents\GitHub\distorted-cosine\distorted-cosine\dva-prealpha\Release\dva-prealpha1_2.exe
