<<<<<<< HEAD
<<<<<<< HEAD
<<<<<<< HEAD
<<<<<<< HEAD
﻿Build started 8/4/2014 11:51:04 PM.
=======
﻿Build started 8/2/2014 11:09:46 PM.
>>>>>>> parent of d7c2c03... Buggy Zoom
=======
﻿Build started 8/2/2014 11:09:46 PM.
>>>>>>> parent of d7c2c03... Buggy Zoom
=======
﻿Build started 8/2/2014 11:09:46 PM.
>>>>>>> parent of d7c2c03... Buggy Zoom
=======
﻿Build started 8/2/2014 11:09:46 PM.
>>>>>>> parent of d7c2c03... Buggy Zoom
     1>Project "C:\Users\Benjamin\Documents\GitHub\dva-prealpha\dva-prealpha1_2.vcxproj" on node 2 (Build target(s)).
     1>Link:
         dva-prealpha1_2.vcxproj -> C:\Users\Benjamin\Documents\GitHub\dva-prealpha\Release\dva-prealpha1_2.exe
     1>Done Building Project "C:\Users\Benjamin\Documents\GitHub\dva-prealpha\dva-prealpha1_2.vcxproj" (Build target(s)).

Build succeeded.

<<<<<<< HEAD
<<<<<<< HEAD
<<<<<<< HEAD
<<<<<<< HEAD
Time Elapsed 00:00:00.08
=======
Time Elapsed 00:00:00.06
>>>>>>> parent of d7c2c03... Buggy Zoom
=======
Time Elapsed 00:00:00.06
>>>>>>> parent of d7c2c03... Buggy Zoom
=======
Time Elapsed 00:00:00.06
>>>>>>> parent of d7c2c03... Buggy Zoom
=======
Time Elapsed 00:00:00.06
>>>>>>> parent of d7c2c03... Buggy Zoom
